remote-addr - - [16/Nov/2021:21:08:20 +0000] 'GET /api/v1/products?category=shirt HTTP/1.1' 'status:'304 'res size:'- 'req size:'- - 'res time'92.444 ms
remote-addr - - [16/Nov/2021:21:08:22 +0000] 'OPTIONS /api/v1/orders/income HTTP/1.1' 'status:'204 'res size:'0 'req size:'- - 'res time'1.973 ms
remote-addr - - [16/Nov/2021:21:08:22 +0000] 'OPTIONS /api/v1/users/?new=true HTTP/1.1' 'status:'204 'res size:'0 'req size:'- - 'res time'1.351 ms
remote-addr - - [16/Nov/2021:21:08:22 +0000] 'OPTIONS /api/v1/orders HTTP/1.1' 'status:'204 'res size:'0 'req size:'- - 'res time'0.255 ms
remote-addr - - [16/Nov/2021:21:08:22 +0000] 'OPTIONS /api/v1/users/stats HTTP/1.1' 'status:'204 'res size:'0 'req size:'- - 'res time'0.370 ms
remote-addr - - [16/Nov/2021:21:08:22 +0000] 'GET /api/v1/users/?new=true HTTP/1.1' 'status:'304 'res size:'- 'req size:'- - 'res time'24.587 ms
remote-addr - - [16/Nov/2021:21:08:22 +0000] 'GET /api/v1/orders/income HTTP/1.1' 'status:'200 'res size:'52 'req size:'- - 'res time'53.310 ms
remote-addr - - [16/Nov/2021:21:08:22 +0000] 'GET /api/v1/users/stats HTTP/1.1' 'status:'200 'res size:'63 'req size:'- - 'res time'59.670 ms
remote-addr - - [16/Nov/2021:21:08:23 +0000] 'GET /api/v1/orders HTTP/1.1' 'status:'200 'res size:'788512 'req size:'- - 'res time'1022.880 ms
remote-addr - - [16/Nov/2021:21:08:24 +0000] 'GET /api/v1/products?category=shirt HTTP/1.1' 'status:'304 'res size:'- 'req size:'- - 'res time'16.169 ms
remote-addr - - [16/Nov/2021:21:11:08 +0000] 'OPTIONS /api/v1/orders/income HTTP/1.1' 'status:'204 'res size:'0 'req size:'- - 'res time'6.133 ms
remote-addr - - [16/Nov/2021:21:11:08 +0000] 'OPTIONS /api/v1/users/stats HTTP/1.1' 'status:'204 'res size:'0 'req size:'- - 'res time'0.289 ms
remote-addr - - [16/Nov/2021:21:11:08 +0000] 'OPTIONS /api/v1/users/?new=true HTTP/1.1' 'status:'204 'res size:'0 'req size:'- - 'res time'0.277 ms
remote-addr - - [16/Nov/2021:21:11:08 +0000] 'OPTIONS /api/v1/orders HTTP/1.1' 'status:'204 'res size:'0 'req size:'- - 'res time'0.254 ms
remote-addr - - [16/Nov/2021:21:11:08 +0000] 'GET /api/v1/orders/income HTTP/1.1' 'status:'200 'res size:'47 'req size:'- - 'res time'54.176 ms
remote-addr - - [16/Nov/2021:21:11:08 +0000] 'GET /api/v1/users/stats HTTP/1.1' 'status:'200 'res size:'63 'req size:'- - 'res time'39.974 ms
remote-addr - - [16/Nov/2021:21:11:08 +0000] 'GET /api/v1/users/?new=true HTTP/1.1' 'status:'304 'res size:'- 'req size:'- - 'res time'58.437 ms
remote-addr - - [16/Nov/2021:21:11:08 +0000] 'GET /api/v1/orders HTTP/1.1' 'status:'200 'res size:'7224 'req size:'- - 'res time'69.809 ms
remote-addr - - [16/Nov/2021:21:11:10 +0000] 'GET /api/v1/products?category=shirt HTTP/1.1' 'status:'200 'res size:'7381 'req size:'- - 'res time'51.162 ms
remote-addr - - [16/Nov/2021:21:11:14 +0000] 'GET /api/v1/products/61941e3123ac4d23e5e8c4df HTTP/1.1' 'status:'200 'res size:'529 'req size:'- - 'res time'37.381 ms
remote-addr - - [16/Nov/2021:21:11:23 +0000] 'OPTIONS /api/v1/auth/login HTTP/1.1' 'status:'204 'res size:'0 'req size:'- - 'res time'0.206 ms
remote-addr - - [16/Nov/2021:21:11:23 +0000] 'POST /api/v1/auth/login HTTP/1.1' 'status:'200 'res size:'396 'req size:'41 - 'res time'122.043 ms
remote-addr - - [16/Nov/2021:21:12:12 +0000] 'OPTIONS /api/v1/checkout/payment HTTP/1.1' 'status:'204 'res size:'0 'req size:'- - 'res time'0.183 ms
remote-addr - - [16/Nov/2021:21:12:13 +0000] 'POST /api/v1/checkout/payment HTTP/1.1' 'status:'201 'res size:'2317 'req size:'57 - 'res time'1197.387 ms
remote-addr - - [16/Nov/2021:21:12:13 +0000] 'OPTIONS /api/v1/orders HTTP/1.1' 'status:'204 'res size:'0 'req size:'- - 'res time'0.390 ms
remote-addr - - [16/Nov/2021:21:12:13 +0000] 'POST /api/v1/orders HTTP/1.1' 'status:'201 'res size:'398 'req size:'214 - 'res time'59.494 ms
remote-addr - - [16/Nov/2021:21:12:14 +0000] 'GET /api/v1/products HTTP/1.1' 'status:'200 'res size:'11314 'req size:'- - 'res time'56.440 ms
remote-addr - - [16/Nov/2021:21:12:23 +0000] 'OPTIONS /api/v1/orders/income HTTP/1.1' 'status:'204 'res size:'0 'req size:'- - 'res time'0.366 ms
remote-addr - - [16/Nov/2021:21:12:23 +0000] 'OPTIONS /api/v1/users/?new=true HTTP/1.1' 'status:'204 'res size:'0 'req size:'- - 'res time'0.189 ms
remote-addr - - [16/Nov/2021:21:12:23 +0000] 'OPTIONS /api/v1/orders HTTP/1.1' 'status:'204 'res size:'0 'req size:'- - 'res time'3.080 ms
remote-addr - - [16/Nov/2021:21:12:23 +0000] 'OPTIONS /api/v1/users/stats HTTP/1.1' 'status:'204 'res size:'0 'req size:'- - 'res time'0.174 ms
remote-addr - - [16/Nov/2021:21:12:23 +0000] 'GET /api/v1/users/?new=true HTTP/1.1' 'status:'304 'res size:'- 'req size:'- - 'res time'29.853 ms
remote-addr - - [16/Nov/2021:21:12:23 +0000] 'GET /api/v1/orders/income HTTP/1.1' 'status:'200 'res size:'47 'req size:'- - 'res time'28.064 ms
remote-addr - - [16/Nov/2021:21:12:23 +0000] 'GET /api/v1/orders HTTP/1.1' 'status:'200 'res size:'7623 'req size:'- - 'res time'50.594 ms
remote-addr - - [16/Nov/2021:21:12:23 +0000] 'GET /api/v1/users/stats HTTP/1.1' 'status:'200 'res size:'63 'req size:'- - 'res time'49.101 ms
remote-addr - - [16/Nov/2021:23:23:14 +0000] 'GET /api/v1/products HTTP/1.1' 'status:'200 'res size:'11314 'req size:'- - 'res time'54.383 ms
remote-addr - - [16/Nov/2021:23:23:23 +0000] 'GET /api/v1/products?category=shirt HTTP/1.1' 'status:'200 'res size:'7381 'req size:'- - 'res time'33.414 ms
remote-addr - - [16/Nov/2021:23:23:26 +0000] 'GET /api/v1/products/61941e3123ac4d23e5e8c4dd HTTP/1.1' 'status:'200 'res size:'560 'req size:'- - 'res time'30.612 ms
remote-addr - - [16/Nov/2021:23:23:27 +0000] 'GET /api/v1/products?category=shirt HTTP/1.1' 'status:'304 'res size:'- 'req size:'- - 'res time'36.836 ms
remote-addr - - [16/Nov/2021:23:23:28 +0000] 'GET /api/v1/products HTTP/1.1' 'status:'304 'res size:'- 'req size:'- - 'res time'41.660 ms
remote-addr - - [16/Nov/2021:23:24:43 +0000] 'GET /api/v1/products/61941e3123ac4d23e5e8c4d9 HTTP/1.1' 'status:'200 'res size:'569 'req size:'- - 'res time'33.189 ms
remote-addr - - [16/Nov/2021:23:24:48 +0000] 'GET /api/v1/products HTTP/1.1' 'status:'304 'res size:'- 'req size:'- - 'res time'41.857 ms
remote-addr - - [16/Nov/2021:23:24:50 +0000] 'GET /api/v1/products/61941e3123ac4d23e5e8c4dd HTTP/1.1' 'status:'304 'res size:'- 'req size:'- - 'res time'38.137 ms
remote-addr - - [16/Nov/2021:23:24:55 +0000] 'GET /api/v1/products HTTP/1.1' 'status:'304 'res size:'- 'req size:'- - 'res time'38.633 ms
remote-addr - - [16/Nov/2021:23:25:12 +0000] 'GET /api/v1/products?category=shirt HTTP/1.1' 'status:'304 'res size:'- 'req size:'- - 'res time'39.715 ms
remote-addr - - [16/Nov/2021:23:36:48 +0000] 'GET /api/v1/products HTTP/1.1' 'status:'304 'res size:'- 'req size:'- - 'res time'74.532 ms
remote-addr - - [16/Nov/2021:23:37:30 +0000] 'GET /api/v1/products HTTP/1.1' 'status:'304 'res size:'- 'req size:'- - 'res time'38.392 ms
remote-addr - - [16/Nov/2021:23:37:32 +0000] 'GET /api/v1/products?category=shirt HTTP/1.1' 'status:'304 'res size:'- 'req size:'- - 'res time'35.667 ms
remote-addr - - [16/Nov/2021:23:37:34 +0000] 'GET /api/v1/products/61941e3123ac4d23e5e8c4dd HTTP/1.1' 'status:'304 'res size:'- 'req size:'- - 'res time'29.498 ms
remote-addr - - [16/Nov/2021:23:37:37 +0000] 'GET /api/v1/products/61941e3123ac4d23e5e8c4dd HTTP/1.1' 'status:'304 'res size:'- 'req size:'- - 'res time'28.145 ms
remote-addr - - [16/Nov/2021:23:37:42 +0000] 'GET /api/v1/products/61941e3123ac4d23e5e8c4dd HTTP/1.1' 'status:'304 'res size:'- 'req size:'- - 'res time'26.332 ms
remote-addr - - [16/Nov/2021:23:37:49 +0000] 'GET /api/v1/products HTTP/1.1' 'status:'304 'res size:'- 'req size:'- - 'res time'48.697 ms
remote-addr - - [16/Nov/2021:23:38:08 +0000] 'GET /api/v1/products HTTP/1.1' 'status:'304 'res size:'- 'req size:'- - 'res time'38.751 ms
remote-addr - - [16/Nov/2021:23:42:11 +0000] 'GET /api/v1/products HTTP/1.1' 'status:'304 'res size:'- 'req size:'- - 'res time'34.183 ms
remote-addr - - [16/Nov/2021:23:42:16 +0000] 'GET /api/v1/products?category=shirt HTTP/1.1' 'status:'304 'res size:'- 'req size:'- - 'res time'32.449 ms
remote-addr - - [16/Nov/2021:23:43:32 +0000] 'GET /api/v1/products HTTP/1.1' 'status:'304 'res size:'- 'req size:'- - 'res time'31.408 ms
remote-addr - - [16/Nov/2021:23:44:11 +0000] 'GET /api/v1/products?category=shirt HTTP/1.1' 'status:'304 'res size:'- 'req size:'- - 'res time'37.519 ms
remote-addr - - [16/Nov/2021:23:44:15 +0000] 'GET /api/v1/products/61941e3123ac4d23e5e8c4df HTTP/1.1' 'status:'304 'res size:'- 'req size:'- - 'res time'31.704 ms
remote-addr - - [16/Nov/2021:23:46:37 +0000] 'GET /api/v1/products HTTP/1.1' 'status:'304 'res size:'- 'req size:'- - 'res time'34.854 ms
remote-addr - - [16/Nov/2021:23:48:28 +0000] 'GET /api/v1/products?category=shirt HTTP/1.1' 'status:'304 'res size:'- 'req size:'- - 'res time'41.772 ms
remote-addr - - [16/Nov/2021:23:51:46 +0000] 'GET /api/v1/products/61941e3123ac4d23e5e8c4df HTTP/1.1' 'status:'304 'res size:'- 'req size:'- - 'res time'27.897 ms
remote-addr - - [17/Nov/2021:00:06:19 +0000] 'GET /api/v1/products HTTP/1.1' 'status:'304 'res size:'- 'req size:'- - 'res time'53.867 ms
remote-addr - - [17/Nov/2021:00:06:24 +0000] 'GET /api/v1/products?category=shirt HTTP/1.1' 'status:'304 'res size:'- 'req size:'- - 'res time'40.664 ms
remote-addr - - [17/Nov/2021:00:06:25 +0000] 'GET /api/v1/products/61941e3123ac4d23e5e8c4eb HTTP/1.1' 'status:'200 'res size:'523 'req size:'- - 'res time'30.268 ms
remote-addr - - [17/Nov/2021:00:11:43 +0000] 'GET /api/v1/products/61941e3123ac4d23e5e8c4eb HTTP/1.1' 'status:'304 'res size:'- 'req size:'- - 'res time'40.884 ms
remote-addr - - [17/Nov/2021:00:13:50 +0000] 'GET /api/v1/products/61941e3123ac4d23e5e8c4eb HTTP/1.1' 'status:'304 'res size:'- 'req size:'- - 'res time'43.879 ms
remote-addr - - [17/Nov/2021:00:13:58 +0000] 'GET /api/v1/products HTTP/1.1' 'status:'304 'res size:'- 'req size:'- - 'res time'38.025 ms
remote-addr - - [17/Nov/2021:00:28:27 +0000] 'OPTIONS /api/v1/auth/login HTTP/1.1' 'status:'204 'res size:'0 'req size:'- - 'res time'1.410 ms
remote-addr - - [17/Nov/2021:00:28:27 +0000] 'POST /api/v1/auth/login HTTP/1.1' 'status:'200 'res size:'388 'req size:'38 - 'res time'413.331 ms
remote-addr - - [17/Nov/2021:00:28:27 +0000] 'OPTIONS /api/v1/orders/income HTTP/1.1' 'status:'204 'res size:'0 'req size:'- - 'res time'0.262 ms
remote-addr - - [17/Nov/2021:00:28:27 +0000] 'OPTIONS /api/v1/users/?new=true HTTP/1.1' 'status:'204 'res size:'0 'req size:'- - 'res time'0.171 ms
remote-addr - - [17/Nov/2021:00:28:27 +0000] 'OPTIONS /api/v1/orders HTTP/1.1' 'status:'204 'res size:'0 'req size:'- - 'res time'0.163 ms
remote-addr - - [17/Nov/2021:00:28:27 +0000] 'OPTIONS /api/v1/users/stats HTTP/1.1' 'status:'204 'res size:'0 'req size:'- - 'res time'0.145 ms
remote-addr - - [17/Nov/2021:00:28:27 +0000] 'GET /api/v1/users/?new=true HTTP/1.1' 'status:'401 'res size:'16 'req size:'- - 'res time'6.014 ms
remote-addr - - [17/Nov/2021:00:28:27 +0000] 'GET /api/v1/orders/income HTTP/1.1' 'status:'401 'res size:'16 'req size:'- - 'res time'1.168 ms
remote-addr - - [17/Nov/2021:00:28:27 +0000] 'GET /api/v1/orders HTTP/1.1' 'status:'401 'res size:'16 'req size:'- - 'res time'0.768 ms
remote-addr - - [17/Nov/2021:00:28:27 +0000] 'GET /api/v1/users/stats HTTP/1.1' 'status:'401 'res size:'16 'req size:'- - 'res time'0.736 ms
remote-addr - - [17/Nov/2021:00:28:30 +0000] 'GET /api/v1/orders/income HTTP/1.1' 'status:'200 'res size:'47 'req size:'- - 'res time'29.062 ms
remote-addr - - [17/Nov/2021:00:28:30 +0000] 'GET /api/v1/users/?new=true HTTP/1.1' 'status:'200 'res size:'1295 'req size:'- - 'res time'156.352 ms
remote-addr - - [17/Nov/2021:00:28:30 +0000] 'GET /api/v1/orders HTTP/1.1' 'status:'200 'res size:'7623 'req size:'- - 'res time'168.655 ms
remote-addr - - [17/Nov/2021:00:28:30 +0000] 'GET /api/v1/users/stats HTTP/1.1' 'status:'200 'res size:'63 'req size:'- - 'res time'282.309 ms
remote-addr - - [17/Nov/2021:00:33:40 +0000] 'OPTIONS /api/v1/orders/income HTTP/1.1' 'status:'204 'res size:'0 'req size:'- - 'res time'0.121 ms
remote-addr - - [17/Nov/2021:00:33:40 +0000] 'OPTIONS /api/v1/users/?new=true HTTP/1.1' 'status:'204 'res size:'0 'req size:'- - 'res time'0.121 ms
remote-addr - - [17/Nov/2021:00:33:40 +0000] 'OPTIONS /api/v1/orders HTTP/1.1' 'status:'204 'res size:'0 'req size:'- - 'res time'0.106 ms
remote-addr - - [17/Nov/2021:00:33:40 +0000] 'OPTIONS /api/v1/users/stats HTTP/1.1' 'status:'204 'res size:'0 'req size:'- - 'res time'0.139 ms
remote-addr - - [17/Nov/2021:00:33:40 +0000] 'GET /api/v1/orders/income HTTP/1.1' 'status:'200 'res size:'47 'req size:'- - 'res time'24.196 ms
remote-addr - - [17/Nov/2021:00:33:40 +0000] 'GET /api/v1/orders HTTP/1.1' 'status:'304 'res size:'- 'req size:'- - 'res time'32.435 ms
remote-addr - - [17/Nov/2021:00:33:40 +0000] 'GET /api/v1/users/?new=true HTTP/1.1' 'status:'304 'res size:'- 'req size:'- - 'res time'36.893 ms
remote-addr - - [17/Nov/2021:00:33:40 +0000] 'GET /api/v1/users/stats HTTP/1.1' 'status:'304 'res size:'- 'req size:'- - 'res time'178.138 ms
remote-addr - - [17/Nov/2021:00:34:10 +0000] 'OPTIONS /api/v1/orders/income HTTP/1.1' 'status:'204 'res size:'0 'req size:'- - 'res time'1.475 ms
remote-addr - - [17/Nov/2021:00:34:10 +0000] 'OPTIONS /api/v1/users/?new=true HTTP/1.1' 'status:'204 'res size:'0 'req size:'- - 'res time'0.231 ms
remote-addr - - [17/Nov/2021:00:34:10 +0000] 'OPTIONS /api/v1/orders HTTP/1.1' 'status:'204 'res size:'0 'req size:'- - 'res time'0.133 ms
remote-addr - - [17/Nov/2021:00:34:10 +0000] 'OPTIONS /api/v1/users/stats HTTP/1.1' 'status:'204 'res size:'0 'req size:'- - 'res time'0.142 ms
remote-addr - - [17/Nov/2021:00:34:10 +0000] 'GET /api/v1/users/?new=true HTTP/1.1' 'status:'304 'res size:'- 'req size:'- - 'res time'38.051 ms
remote-addr - - [17/Nov/2021:00:34:10 +0000] 'GET /api/v1/orders/income HTTP/1.1' 'status:'304 'res size:'- 'req size:'- - 'res time'45.543 ms
remote-addr - - [17/Nov/2021:00:34:10 +0000] 'GET /api/v1/orders HTTP/1.1' 'status:'304 'res size:'- 'req size:'- - 'res time'46.814 ms
remote-addr - - [17/Nov/2021:00:34:10 +0000] 'GET /api/v1/users/stats HTTP/1.1' 'status:'304 'res size:'- 'req size:'- - 'res time'45.799 ms
remote-addr - - [17/Nov/2021:00:37:14 +0000] 'OPTIONS /api/v1/orders/income HTTP/1.1' 'status:'204 'res size:'0 'req size:'- - 'res time'0.184 ms
remote-addr - - [17/Nov/2021:00:37:14 +0000] 'OPTIONS /api/v1/users/?new=true HTTP/1.1' 'status:'204 'res size:'0 'req size:'- - 'res time'0.150 ms
remote-addr - - [17/Nov/2021:00:37:14 +0000] 'OPTIONS /api/v1/orders HTTP/1.1' 'status:'204 'res size:'0 'req size:'- - 'res time'0.134 ms
remote-addr - - [17/Nov/2021:00:37:14 +0000] 'OPTIONS /api/v1/users/stats HTTP/1.1' 'status:'204 'res size:'0 'req size:'- - 'res time'0.111 ms
remote-addr - - [17/Nov/2021:00:37:14 +0000] 'GET /api/v1/orders/income HTTP/1.1' 'status:'304 'res size:'- 'req size:'- - 'res time'30.756 ms
remote-addr - - [17/Nov/2021:00:37:14 +0000] 'GET /api/v1/orders HTTP/1.1' 'status:'304 'res size:'- 'req size:'- - 'res time'40.106 ms
remote-addr - - [17/Nov/2021:00:37:14 +0000] 'GET /api/v1/users/stats HTTP/1.1' 'status:'304 'res size:'- 'req size:'- - 'res time'39.419 ms
remote-addr - - [17/Nov/2021:00:37:14 +0000] 'GET /api/v1/users/?new=true HTTP/1.1' 'status:'304 'res size:'- 'req size:'- - 'res time'40.996 ms
remote-addr - - [17/Nov/2021:00:37:17 +0000] 'GET /api/v1/orders/income HTTP/1.1' 'status:'304 'res size:'- 'req size:'- - 'res time'24.524 ms
remote-addr - - [17/Nov/2021:00:37:17 +0000] 'GET /api/v1/orders HTTP/1.1' 'status:'304 'res size:'- 'req size:'- - 'res time'39.365 ms
remote-addr - - [17/Nov/2021:00:37:17 +0000] 'GET /api/v1/users/stats HTTP/1.1' 'status:'304 'res size:'- 'req size:'- - 'res time'39.112 ms
remote-addr - - [17/Nov/2021:00:37:17 +0000] 'GET /api/v1/users/?new=true HTTP/1.1' 'status:'304 'res size:'- 'req size:'- - 'res time'45.287 ms
remote-addr - - [17/Nov/2021:00:38:09 +0000] 'POST /api/v1/auth/register HTTP/1.1' 'status:'201 'res size:'255 'req size:'82 - 'res time'154.530 ms
remote-addr - - [17/Nov/2021:00:38:15 +0000] 'OPTIONS /api/v1/orders/income HTTP/1.1' 'status:'204 'res size:'0 'req size:'- - 'res time'0.816 ms
remote-addr - - [17/Nov/2021:00:38:15 +0000] 'OPTIONS /api/v1/users/?new=true HTTP/1.1' 'status:'204 'res size:'0 'req size:'- - 'res time'0.187 ms
remote-addr - - [17/Nov/2021:00:38:15 +0000] 'OPTIONS /api/v1/orders HTTP/1.1' 'status:'204 'res size:'0 'req size:'- - 'res time'0.179 ms
remote-addr - - [17/Nov/2021:00:38:15 +0000] 'OPTIONS /api/v1/users/stats HTTP/1.1' 'status:'204 'res size:'0 'req size:'- - 'res time'0.108 ms
remote-addr - - [17/Nov/2021:00:38:15 +0000] 'GET /api/v1/orders/income HTTP/1.1' 'status:'304 'res size:'- 'req size:'- - 'res time'26.350 ms
remote-addr - - [17/Nov/2021:00:38:15 +0000] 'GET /api/v1/users/?new=true HTTP/1.1' 'status:'200 'res size:'1291 'req size:'- - 'res time'26.583 ms
remote-addr - - [17/Nov/2021:00:38:15 +0000] 'GET /api/v1/orders HTTP/1.1' 'status:'304 'res size:'- 'req size:'- - 'res time'37.346 ms
remote-addr - - [17/Nov/2021:00:38:15 +0000] 'GET /api/v1/users/stats HTTP/1.1' 'status:'200 'res size:'63 'req size:'- - 'res time'36.827 ms
remote-addr - - [17/Nov/2021:00:38:24 +0000] 'OPTIONS /api/v1/orders/income HTTP/1.1' 'status:'204 'res size:'0 'req size:'- - 'res time'0.120 ms
remote-addr - - [17/Nov/2021:00:38:24 +0000] 'OPTIONS /api/v1/users/?new=true HTTP/1.1' 'status:'204 'res size:'0 'req size:'- - 'res time'0.129 ms
remote-addr - - [17/Nov/2021:00:38:24 +0000] 'OPTIONS /api/v1/orders HTTP/1.1' 'status:'204 'res size:'0 'req size:'- - 'res time'0.103 ms
remote-addr - - [17/Nov/2021:00:38:24 +0000] 'OPTIONS /api/v1/users/stats HTTP/1.1' 'status:'204 'res size:'0 'req size:'- - 'res time'0.118 ms
remote-addr - - [17/Nov/2021:00:38:24 +0000] 'GET /api/v1/orders/income HTTP/1.1' 'status:'304 'res size:'- 'req size:'- - 'res time'33.260 ms
remote-addr - - [17/Nov/2021:00:38:24 +0000] 'GET /api/v1/users/?new=true HTTP/1.1' 'status:'304 'res size:'- 'req size:'- - 'res time'33.124 ms
remote-addr - - [17/Nov/2021:00:38:24 +0000] 'GET /api/v1/orders HTTP/1.1' 'status:'304 'res size:'- 'req size:'- - 'res time'42.698 ms
remote-addr - - [17/Nov/2021:00:38:24 +0000] 'GET /api/v1/users/stats HTTP/1.1' 'status:'200 'res size:'63 'req size:'- - 'res time'42.260 ms
remote-addr - - [17/Nov/2021:00:40:54 +0000] 'OPTIONS /api/v1/orders/income HTTP/1.1' 'status:'204 'res size:'0 'req size:'- - 'res time'0.099 ms
remote-addr - - [17/Nov/2021:00:40:54 +0000] 'OPTIONS /api/v1/users/?new=true HTTP/1.1' 'status:'204 'res size:'0 'req size:'- - 'res time'0.107 ms
remote-addr - - [17/Nov/2021:00:40:54 +0000] 'OPTIONS /api/v1/orders HTTP/1.1' 'status:'204 'res size:'0 'req size:'- - 'res time'0.119 ms
remote-addr - - [17/Nov/2021:00:40:54 +0000] 'OPTIONS /api/v1/users/stats HTTP/1.1' 'status:'204 'res size:'0 'req size:'- - 'res time'0.109 ms
remote-addr - - [17/Nov/2021:00:40:54 +0000] 'GET /api/v1/users/?new=true HTTP/1.1' 'status:'304 'res size:'- 'req size:'- - 'res time'24.534 ms
remote-addr - - [17/Nov/2021:00:40:54 +0000] 'GET /api/v1/orders/income HTTP/1.1' 'status:'304 'res size:'- 'req size:'- - 'res time'27.045 ms
remote-addr - - [17/Nov/2021:00:40:54 +0000] 'GET /api/v1/orders HTTP/1.1' 'status:'304 'res size:'- 'req size:'- - 'res time'39.224 ms
remote-addr - - [17/Nov/2021:00:40:54 +0000] 'GET /api/v1/users/stats HTTP/1.1' 'status:'304 'res size:'- 'req size:'- - 'res time'38.148 ms
remote-addr - - [17/Nov/2021:00:41:02 +0000] 'OPTIONS /api/v1/orders/income HTTP/1.1' 'status:'204 'res size:'0 'req size:'- - 'res time'0.109 ms
remote-addr - - [17/Nov/2021:00:41:02 +0000] 'OPTIONS /api/v1/users/?new=true HTTP/1.1' 'status:'204 'res size:'0 'req size:'- - 'res time'0.177 ms
remote-addr - - [17/Nov/2021:00:41:02 +0000] 'OPTIONS /api/v1/orders HTTP/1.1' 'status:'204 'res size:'0 'req size:'- - 'res time'0.113 ms
remote-addr - - [17/Nov/2021:00:41:02 +0000] 'OPTIONS /api/v1/users/stats HTTP/1.1' 'status:'204 'res size:'0 'req size:'- - 'res time'0.100 ms
remote-addr - - [17/Nov/2021:00:41:02 +0000] 'GET /api/v1/orders/income HTTP/1.1' 'status:'304 'res size:'- 'req size:'- - 'res time'24.510 ms
remote-addr - - [17/Nov/2021:00:41:02 +0000] 'GET /api/v1/users/?new=true HTTP/1.1' 'status:'304 'res size:'- 'req size:'- - 'res time'32.661 ms
remote-addr - - [17/Nov/2021:00:41:02 +0000] 'GET /api/v1/users/stats HTTP/1.1' 'status:'200 'res size:'63 'req size:'- - 'res time'31.647 ms
remote-addr - - [17/Nov/2021:00:41:02 +0000] 'GET /api/v1/orders HTTP/1.1' 'status:'304 'res size:'- 'req size:'- - 'res time'44.375 ms
remote-addr - - [17/Nov/2021:00:44:36 +0000] 'OPTIONS /api/v1/orders/income HTTP/1.1' 'status:'204 'res size:'0 'req size:'- - 'res time'0.110 ms
remote-addr - - [17/Nov/2021:00:44:36 +0000] 'OPTIONS /api/v1/users/?new=true HTTP/1.1' 'status:'204 'res size:'0 'req size:'- - 'res time'0.090 ms
remote-addr - - [17/Nov/2021:00:44:36 +0000] 'OPTIONS /api/v1/orders HTTP/1.1' 'status:'204 'res size:'0 'req size:'- - 'res time'0.131 ms
remote-addr - - [17/Nov/2021:00:44:36 +0000] 'OPTIONS /api/v1/users/stats HTTP/1.1' 'status:'204 'res size:'0 'req size:'- - 'res time'0.094 ms
remote-addr - - [17/Nov/2021:00:44:36 +0000] 'GET /api/v1/users/?new=true HTTP/1.1' 'status:'304 'res size:'- 'req size:'- - 'res time'24.797 ms
remote-addr - - [17/Nov/2021:00:44:36 +0000] 'GET /api/v1/orders/income HTTP/1.1' 'status:'304 'res size:'- 'req size:'- - 'res time'26.988 ms
remote-addr - - [17/Nov/2021:00:44:36 +0000] 'GET /api/v1/orders HTTP/1.1' 'status:'304 'res size:'- 'req size:'- - 'res time'31.581 ms
remote-addr - - [17/Nov/2021:00:44:36 +0000] 'GET /api/v1/users/stats HTTP/1.1' 'status:'200 'res size:'63 'req size:'- - 'res time'31.748 ms
remote-addr - - [17/Nov/2021:00:46:11 +0000] 'OPTIONS /api/v1/orders/income HTTP/1.1' 'status:'204 'res size:'0 'req size:'- - 'res time'0.097 ms
remote-addr - - [17/Nov/2021:00:46:11 +0000] 'OPTIONS /api/v1/users/?new=true HTTP/1.1' 'status:'204 'res size:'0 'req size:'- - 'res time'0.104 ms
remote-addr - - [17/Nov/2021:00:46:11 +0000] 'OPTIONS /api/v1/orders HTTP/1.1' 'status:'204 'res size:'0 'req size:'- - 'res time'0.120 ms
remote-addr - - [17/Nov/2021:00:46:11 +0000] 'OPTIONS /api/v1/users/stats HTTP/1.1' 'status:'204 'res size:'0 'req size:'- - 'res time'0.092 ms
remote-addr - - [17/Nov/2021:00:46:11 +0000] 'GET /api/v1/orders/income HTTP/1.1' 'status:'304 'res size:'- 'req size:'- - 'res time'23.792 ms
remote-addr - - [17/Nov/2021:00:46:11 +0000] 'GET /api/v1/users/?new=true HTTP/1.1' 'status:'304 'res size:'- 'req size:'- - 'res time'25.409 ms
remote-addr - - [17/Nov/2021:00:46:11 +0000] 'GET /api/v1/users/stats HTTP/1.1' 'status:'200 'res size:'63 'req size:'- - 'res time'24.854 ms
remote-addr - - [17/Nov/2021:00:46:11 +0000] 'GET /api/v1/orders HTTP/1.1' 'status:'304 'res size:'- 'req size:'- - 'res time'33.437 ms
remote-addr - - [17/Nov/2021:00:46:19 +0000] 'OPTIONS /api/v1/orders/income HTTP/1.1' 'status:'204 'res size:'0 'req size:'- - 'res time'0.106 ms
remote-addr - - [17/Nov/2021:00:46:19 +0000] 'OPTIONS /api/v1/users/?new=true HTTP/1.1' 'status:'204 'res size:'0 'req size:'- - 'res time'0.105 ms
remote-addr - - [17/Nov/2021:00:46:19 +0000] 'OPTIONS /api/v1/orders HTTP/1.1' 'status:'204 'res size:'0 'req size:'- - 'res time'0.099 ms
remote-addr - - [17/Nov/2021:00:46:19 +0000] 'OPTIONS /api/v1/users/stats HTTP/1.1' 'status:'204 'res size:'0 'req size:'- - 'res time'0.091 ms
remote-addr - - [17/Nov/2021:00:46:19 +0000] 'GET /api/v1/orders/income HTTP/1.1' 'status:'304 'res size:'- 'req size:'- - 'res time'27.426 ms
remote-addr - - [17/Nov/2021:00:46:19 +0000] 'GET /api/v1/users/?new=true HTTP/1.1' 'status:'304 'res size:'- 'req size:'- - 'res time'25.582 ms
remote-addr - - [17/Nov/2021:00:46:19 +0000] 'GET /api/v1/orders HTTP/1.1' 'status:'304 'res size:'- 'req size:'- - 'res time'37.693 ms
remote-addr - - [17/Nov/2021:00:46:19 +0000] 'GET /api/v1/users/stats HTTP/1.1' 'status:'200 'res size:'63 'req size:'- - 'res time'37.235 ms
remote-addr - - [17/Nov/2021:00:46:37 +0000] 'OPTIONS /api/v1/auth/login HTTP/1.1' 'status:'204 'res size:'0 'req size:'- - 'res time'0.108 ms
remote-addr - - [17/Nov/2021:00:46:37 +0000] 'POST /api/v1/auth/login HTTP/1.1' 'status:'200 'res size:'388 'req size:'38 - 'res time'104.136 ms
remote-addr - - [17/Nov/2021:00:46:37 +0000] 'OPTIONS /api/v1/orders/income HTTP/1.1' 'status:'204 'res size:'0 'req size:'- - 'res time'0.111 ms
remote-addr - - [17/Nov/2021:00:46:37 +0000] 'OPTIONS /api/v1/orders HTTP/1.1' 'status:'204 'res size:'0 'req size:'- - 'res time'0.152 ms
remote-addr - - [17/Nov/2021:00:46:37 +0000] 'OPTIONS /api/v1/users/?new=true HTTP/1.1' 'status:'204 'res size:'0 'req size:'- - 'res time'0.111 ms
remote-addr - - [17/Nov/2021:00:46:37 +0000] 'OPTIONS /api/v1/users/stats HTTP/1.1' 'status:'204 'res size:'0 'req size:'- - 'res time'0.114 ms
remote-addr - - [17/Nov/2021:00:46:37 +0000] 'GET /api/v1/orders/income HTTP/1.1' 'status:'304 'res size:'- 'req size:'- - 'res time'24.786 ms
remote-addr - - [17/Nov/2021:00:46:37 +0000] 'GET /api/v1/orders HTTP/1.1' 'status:'304 'res size:'- 'req size:'- - 'res time'35.322 ms
remote-addr - - [17/Nov/2021:00:46:37 +0000] 'GET /api/v1/users/?new=true HTTP/1.1' 'status:'304 'res size:'- 'req size:'- - 'res time'35.900 ms
remote-addr - - [17/Nov/2021:00:46:37 +0000] 'GET /api/v1/users/stats HTTP/1.1' 'status:'200 'res size:'63 'req size:'- - 'res time'34.564 ms
remote-addr - - [17/Nov/2021:00:46:51 +0000] 'OPTIONS /api/v1/auth/login HTTP/1.1' 'status:'204 'res size:'0 'req size:'- - 'res time'0.114 ms
remote-addr - - [17/Nov/2021:00:46:51 +0000] 'POST /api/v1/auth/login HTTP/1.1' 'status:'200 'res size:'388 'req size:'38 - 'res time'105.783 ms
remote-addr - - [17/Nov/2021:00:46:51 +0000] 'OPTIONS /api/v1/orders/income HTTP/1.1' 'status:'204 'res size:'0 'req size:'- - 'res time'0.156 ms
remote-addr - - [17/Nov/2021:00:46:51 +0000] 'OPTIONS /api/v1/users/?new=true HTTP/1.1' 'status:'204 'res size:'0 'req size:'- - 'res time'0.103 ms
remote-addr - - [17/Nov/2021:00:46:51 +0000] 'OPTIONS /api/v1/orders HTTP/1.1' 'status:'204 'res size:'0 'req size:'- - 'res time'0.108 ms
remote-addr - - [17/Nov/2021:00:46:51 +0000] 'OPTIONS /api/v1/users/stats HTTP/1.1' 'status:'204 'res size:'0 'req size:'- - 'res time'0.102 ms
remote-addr - - [17/Nov/2021:00:46:51 +0000] 'GET /api/v1/orders/income HTTP/1.1' 'status:'304 'res size:'- 'req size:'- - 'res time'25.184 ms
remote-addr - - [17/Nov/2021:00:46:51 +0000] 'GET /api/v1/users/?new=true HTTP/1.1' 'status:'304 'res size:'- 'req size:'- - 'res time'24.562 ms
remote-addr - - [17/Nov/2021:00:46:51 +0000] 'GET /api/v1/orders HTTP/1.1' 'status:'304 'res size:'- 'req size:'- - 'res time'33.416 ms
remote-addr - - [17/Nov/2021:00:46:51 +0000] 'GET /api/v1/users/stats HTTP/1.1' 'status:'200 'res size:'63 'req size:'- - 'res time'32.279 ms
remote-addr - - [17/Nov/2021:00:47:45 +0000] 'OPTIONS /api/v1/orders/income HTTP/1.1' 'status:'204 'res size:'0 'req size:'- - 'res time'0.124 ms
remote-addr - - [17/Nov/2021:00:47:45 +0000] 'OPTIONS /api/v1/users/?new=true HTTP/1.1' 'status:'204 'res size:'0 'req size:'- - 'res time'0.458 ms
remote-addr - - [17/Nov/2021:00:47:45 +0000] 'OPTIONS /api/v1/orders HTTP/1.1' 'status:'204 'res size:'0 'req size:'- - 'res time'0.102 ms
remote-addr - - [17/Nov/2021:00:47:45 +0000] 'OPTIONS /api/v1/users/stats HTTP/1.1' 'status:'204 'res size:'0 'req size:'- - 'res time'0.084 ms
remote-addr - - [17/Nov/2021:00:47:45 +0000] 'GET /api/v1/orders/income HTTP/1.1' 'status:'304 'res size:'- 'req size:'- - 'res time'26.453 ms
remote-addr - - [17/Nov/2021:00:47:45 +0000] 'GET /api/v1/users/?new=true HTTP/1.1' 'status:'304 'res size:'- 'req size:'- - 'res time'26.041 ms
remote-addr - - [17/Nov/2021:00:47:45 +0000] 'GET /api/v1/orders HTTP/1.1' 'status:'304 'res size:'- 'req size:'- - 'res time'39.924 ms
remote-addr - - [17/Nov/2021:00:47:45 +0000] 'GET /api/v1/users/stats HTTP/1.1' 'status:'200 'res size:'63 'req size:'- - 'res time'39.503 ms
remote-addr - - [17/Nov/2021:00:48:43 +0000] 'OPTIONS /api/v1/orders/income HTTP/1.1' 'status:'204 'res size:'0 'req size:'- - 'res time'0.096 ms
remote-addr - - [17/Nov/2021:00:48:43 +0000] 'OPTIONS /api/v1/users/?new=true HTTP/1.1' 'status:'204 'res size:'0 'req size:'- - 'res time'0.094 ms
remote-addr - - [17/Nov/2021:00:48:43 +0000] 'OPTIONS /api/v1/orders HTTP/1.1' 'status:'204 'res size:'0 'req size:'- - 'res time'0.095 ms
remote-addr - - [17/Nov/2021:00:48:43 +0000] 'OPTIONS /api/v1/users/stats HTTP/1.1' 'status:'204 'res size:'0 'req size:'- - 'res time'0.084 ms
remote-addr - - [17/Nov/2021:00:48:43 +0000] 'GET /api/v1/users/?new=true HTTP/1.1' 'status:'304 'res size:'- 'req size:'- - 'res time'26.205 ms
remote-addr - - [17/Nov/2021:00:48:43 +0000] 'GET /api/v1/orders HTTP/1.1' 'status:'304 'res size:'- 'req size:'- - 'res time'34.328 ms
remote-addr - - [17/Nov/2021:00:48:43 +0000] 'GET /api/v1/orders/income HTTP/1.1' 'status:'304 'res size:'- 'req size:'- - 'res time'37.168 ms
remote-addr - - [17/Nov/2021:00:48:43 +0000] 'GET /api/v1/users/stats HTTP/1.1' 'status:'304 'res size:'- 'req size:'- - 'res time'34.817 ms
remote-addr - - [17/Nov/2021:00:48:46 +0000] 'GET /api/v1/orders/income HTTP/1.1' 'status:'304 'res size:'- 'req size:'- - 'res time'29.733 ms
remote-addr - - [17/Nov/2021:00:48:46 +0000] 'GET /api/v1/orders HTTP/1.1' 'status:'304 'res size:'- 'req size:'- - 'res time'41.469 ms
remote-addr - - [17/Nov/2021:00:48:46 +0000] 'GET /api/v1/users/stats HTTP/1.1' 'status:'200 'res size:'63 'req size:'- - 'res time'41.191 ms
remote-addr - - [17/Nov/2021:00:48:46 +0000] 'GET /api/v1/users/?new=true HTTP/1.1' 'status:'304 'res size:'- 'req size:'- - 'res time'46.738 ms
remote-addr - - [17/Nov/2021:00:49:23 +0000] 'OPTIONS /api/v1/orders/income HTTP/1.1' 'status:'204 'res size:'0 'req size:'- - 'res time'0.102 ms
remote-addr - - [17/Nov/2021:00:49:23 +0000] 'OPTIONS /api/v1/users/?new=true HTTP/1.1' 'status:'204 'res size:'0 'req size:'- - 'res time'0.109 ms
remote-addr - - [17/Nov/2021:00:49:23 +0000] 'OPTIONS /api/v1/orders HTTP/1.1' 'status:'204 'res size:'0 'req size:'- - 'res time'0.097 ms
remote-addr - - [17/Nov/2021:00:49:23 +0000] 'OPTIONS /api/v1/users/stats HTTP/1.1' 'status:'204 'res size:'0 'req size:'- - 'res time'0.090 ms
remote-addr - - [17/Nov/2021:00:49:23 +0000] 'GET /api/v1/orders/income HTTP/1.1' 'status:'304 'res size:'- 'req size:'- - 'res time'26.033 ms
remote-addr - - [17/Nov/2021:00:49:23 +0000] 'GET /api/v1/users/?new=true HTTP/1.1' 'status:'304 'res size:'- 'req size:'- - 'res time'25.734 ms
remote-addr - - [17/Nov/2021:00:49:23 +0000] 'GET /api/v1/orders HTTP/1.1' 'status:'304 'res size:'- 'req size:'- - 'res time'32.585 ms
remote-addr - - [17/Nov/2021:00:49:23 +0000] 'GET /api/v1/users/stats HTTP/1.1' 'status:'304 'res size:'- 'req size:'- - 'res time'32.327 ms
remote-addr - - [17/Nov/2021:01:07:04 +0000] 'OPTIONS /api/v1/orders/income HTTP/1.1' 'status:'204 'res size:'0 'req size:'- - 'res time'0.107 ms
remote-addr - - [17/Nov/2021:01:07:04 +0000] 'OPTIONS /api/v1/users/?new=true HTTP/1.1' 'status:'204 'res size:'0 'req size:'- - 'res time'0.105 ms
remote-addr - - [17/Nov/2021:01:07:04 +0000] 'OPTIONS /api/v1/orders HTTP/1.1' 'status:'204 'res size:'0 'req size:'- - 'res time'0.119 ms
remote-addr - - [17/Nov/2021:01:07:04 +0000] 'OPTIONS /api/v1/users/stats HTTP/1.1' 'status:'204 'res size:'0 'req size:'- - 'res time'0.103 ms
remote-addr - - [17/Nov/2021:01:07:04 +0000] 'GET /api/v1/orders/income HTTP/1.1' 'status:'304 'res size:'- 'req size:'- - 'res time'579.328 ms
remote-addr - - [17/Nov/2021:01:07:05 +0000] 'GET /api/v1/users/?new=true HTTP/1.1' 'status:'304 'res size:'- 'req size:'- - 'res time'1097.481 ms
remote-addr - - [17/Nov/2021:01:07:05 +0000] 'GET /api/v1/orders HTTP/1.1' 'status:'304 'res size:'- 'req size:'- - 'res time'1105.500 ms
remote-addr - - [17/Nov/2021:01:07:05 +0000] 'GET /api/v1/users/stats HTTP/1.1' 'status:'200 'res size:'63 'req size:'- - 'res time'1632.062 ms
remote-addr - - [17/Nov/2021:01:07:46 +0000] 'OPTIONS /api/v1/orders/income HTTP/1.1' 'status:'204 'res size:'0 'req size:'- - 'res time'0.104 ms
remote-addr - - [17/Nov/2021:01:07:46 +0000] 'OPTIONS /api/v1/users/?new=true HTTP/1.1' 'status:'204 'res size:'0 'req size:'- - 'res time'0.108 ms
remote-addr - - [17/Nov/2021:01:07:46 +0000] 'OPTIONS /api/v1/orders HTTP/1.1' 'status:'204 'res size:'0 'req size:'- - 'res time'0.112 ms
remote-addr - - [17/Nov/2021:01:07:46 +0000] 'OPTIONS /api/v1/users/stats HTTP/1.1' 'status:'204 'res size:'0 'req size:'- - 'res time'0.094 ms
remote-addr - - [17/Nov/2021:01:07:47 +0000] 'GET /api/v1/orders/income HTTP/1.1' 'status:'304 'res size:'- 'req size:'- - 'res time'30.435 ms
remote-addr - - [17/Nov/2021:01:07:47 +0000] 'GET /api/v1/users/?new=true HTTP/1.1' 'status:'304 'res size:'- 'req size:'- - 'res time'33.511 ms
remote-addr - - [17/Nov/2021:01:07:47 +0000] 'GET /api/v1/orders HTTP/1.1' 'status:'304 'res size:'- 'req size:'- - 'res time'40.169 ms
remote-addr - - [17/Nov/2021:01:07:47 +0000] 'GET /api/v1/users/stats HTTP/1.1' 'status:'200 'res size:'63 'req size:'- - 'res time'177.291 ms
remote-addr - - [17/Nov/2021:01:07:48 +0000] 'GET /api/v1/users/?new=true HTTP/1.1' 'status:'304 'res size:'- 'req size:'- - 'res time'157.180 ms
remote-addr - - [17/Nov/2021:01:07:48 +0000] 'GET /api/v1/orders/income HTTP/1.1' 'status:'304 'res size:'- 'req size:'- - 'res time'160.195 ms
remote-addr - - [17/Nov/2021:01:07:48 +0000] 'GET /api/v1/orders HTTP/1.1' 'status:'304 'res size:'- 'req size:'- - 'res time'164.489 ms
remote-addr - - [17/Nov/2021:01:07:48 +0000] 'GET /api/v1/users/stats HTTP/1.1' 'status:'304 'res size:'- 'req size:'- - 'res time'162.004 ms
remote-addr - - [17/Nov/2021:01:12:22 +0000] 'GET /api/v1/products HTTP/1.1' 'status:'304 'res size:'- 'req size:'- - 'res time'51.327 ms
remote-addr - - [17/Nov/2021:01:12:45 +0000] 'GET /api/v1/products HTTP/1.1' 'status:'304 'res size:'- 'req size:'- - 'res time'35.112 ms
remote-addr - - [17/Nov/2021:01:12:49 +0000] 'GET /api/v1/products?category=shirt HTTP/1.1' 'status:'304 'res size:'- 'req size:'- - 'res time'163.961 ms
remote-addr - - [17/Nov/2021:01:12:51 +0000] 'GET /api/v1/products/61941e3123ac4d23e5e8c4de HTTP/1.1' 'status:'200 'res size:'530 'req size:'- - 'res time'88.212 ms
remote-addr - - [17/Nov/2021:01:13:39 +0000] 'OPTIONS /api/v1/checkout/payment HTTP/1.1' 'status:'204 'res size:'0 'req size:'- - 'res time'0.542 ms
remote-addr - - [17/Nov/2021:01:13:41 +0000] 'POST /api/v1/checkout/payment HTTP/1.1' 'status:'201 'res size:'2331 'req size:'57 - 'res time'1442.279 ms
remote-addr - - [17/Nov/2021:01:13:41 +0000] 'OPTIONS /api/v1/orders HTTP/1.1' 'status:'204 'res size:'0 'req size:'- - 'res time'0.324 ms
remote-addr - - [17/Nov/2021:01:13:41 +0000] 'POST /api/v1/orders HTTP/1.1' 'status:'201 'res size:'405 'req size:'221 - 'res time'50.436 ms
remote-addr - - [17/Nov/2021:01:13:42 +0000] 'GET /api/v1/products HTTP/1.1' 'status:'304 'res size:'- 'req size:'- - 'res time'36.021 ms
remote-addr - - [17/Nov/2021:01:14:27 +0000] 'OPTIONS /api/v1/orders/income HTTP/1.1' 'status:'204 'res size:'0 'req size:'- - 'res time'1.380 ms
remote-addr - - [17/Nov/2021:01:14:28 +0000] 'OPTIONS /api/v1/users/?new=true HTTP/1.1' 'status:'204 'res size:'0 'req size:'- - 'res time'0.201 ms
remote-addr - - [17/Nov/2021:01:14:28 +0000] 'OPTIONS /api/v1/orders HTTP/1.1' 'status:'204 'res size:'0 'req size:'- - 'res time'0.123 ms
remote-addr - - [17/Nov/2021:01:14:28 +0000] 'OPTIONS /api/v1/users/stats HTTP/1.1' 'status:'204 'res size:'0 'req size:'- - 'res time'0.101 ms
remote-addr - - [17/Nov/2021:01:14:28 +0000] 'GET /api/v1/orders/income HTTP/1.1' 'status:'200 'res size:'47 'req size:'- - 'res time'32.243 ms
remote-addr - - [17/Nov/2021:01:14:28 +0000] 'GET /api/v1/orders HTTP/1.1' 'status:'200 'res size:'8029 'req size:'- - 'res time'46.530 ms
remote-addr - - [17/Nov/2021:01:14:28 +0000] 'GET /api/v1/users/?new=true HTTP/1.1' 'status:'304 'res size:'- 'req size:'- - 'res time'43.687 ms
remote-addr - - [17/Nov/2021:01:14:28 +0000] 'GET /api/v1/users/stats HTTP/1.1' 'status:'200 'res size:'63 'req size:'- - 'res time'42.057 ms
remote-addr - - [17/Nov/2021:01:15:12 +0000] 'OPTIONS /api/v1/orders/income HTTP/1.1' 'status:'204 'res size:'0 'req size:'- - 'res time'0.103 ms
remote-addr - - [17/Nov/2021:01:15:12 +0000] 'OPTIONS /api/v1/orders HTTP/1.1' 'status:'204 'res size:'0 'req size:'- - 'res time'0.104 ms
remote-addr - - [17/Nov/2021:01:15:12 +0000] 'OPTIONS /api/v1/users/?new=true HTTP/1.1' 'status:'204 'res size:'0 'req size:'- - 'res time'0.100 ms
remote-addr - - [17/Nov/2021:01:15:12 +0000] 'OPTIONS /api/v1/users/stats HTTP/1.1' 'status:'204 'res size:'0 'req size:'- - 'res time'0.121 ms
remote-addr - - [17/Nov/2021:01:15:12 +0000] 'GET /api/v1/orders/income HTTP/1.1' 'status:'304 'res size:'- 'req size:'- - 'res time'24.202 ms
remote-addr - - [17/Nov/2021:01:15:12 +0000] 'GET /api/v1/orders HTTP/1.1' 'status:'304 'res size:'- 'req size:'- - 'res time'35.659 ms
remote-addr - - [17/Nov/2021:01:15:12 +0000] 'GET /api/v1/users/?new=true HTTP/1.1' 'status:'200 'res size:'1295 'req size:'- - 'res time'36.585 ms
remote-addr - - [17/Nov/2021:01:15:12 +0000] 'GET /api/v1/users/stats HTTP/1.1' 'status:'200 'res size:'63 'req size:'- - 'res time'36.175 ms
remote-addr - - [17/Nov/2021:01:15:17 +0000] 'OPTIONS /api/v1/orders/income HTTP/1.1' 'status:'204 'res size:'0 'req size:'- - 'res time'0.119 ms
remote-addr - - [17/Nov/2021:01:15:17 +0000] 'OPTIONS /api/v1/users/?new=true HTTP/1.1' 'status:'204 'res size:'0 'req size:'- - 'res time'0.117 ms
remote-addr - - [17/Nov/2021:01:15:17 +0000] 'OPTIONS /api/v1/orders HTTP/1.1' 'status:'204 'res size:'0 'req size:'- - 'res time'1.046 ms
remote-addr - - [17/Nov/2021:01:15:17 +0000] 'OPTIONS /api/v1/users/stats HTTP/1.1' 'status:'204 'res size:'0 'req size:'- - 'res time'0.124 ms
remote-addr - - [17/Nov/2021:01:15:17 +0000] 'GET /api/v1/orders/income HTTP/1.1' 'status:'304 'res size:'- 'req size:'- - 'res time'25.974 ms
remote-addr - - [17/Nov/2021:01:15:17 +0000] 'GET /api/v1/users/stats HTTP/1.1' 'status:'304 'res size:'- 'req size:'- - 'res time'23.830 ms
remote-addr - - [17/Nov/2021:01:15:17 +0000] 'GET /api/v1/orders HTTP/1.1' 'status:'304 'res size:'- 'req size:'- - 'res time'38.779 ms
remote-addr - - [17/Nov/2021:01:15:17 +0000] 'GET /api/v1/users/?new=true HTTP/1.1' 'status:'304 'res size:'- 'req size:'- - 'res time'38.017 ms
remote-addr - - [17/Nov/2021:01:15:19 +0000] 'GET /api/v1/orders/income HTTP/1.1' 'status:'304 'res size:'- 'req size:'- - 'res time'24.033 ms
remote-addr - - [17/Nov/2021:01:15:19 +0000] 'GET /api/v1/orders HTTP/1.1' 'status:'304 'res size:'- 'req size:'- - 'res time'33.097 ms
remote-addr - - [17/Nov/2021:01:15:19 +0000] 'GET /api/v1/users/?new=true HTTP/1.1' 'status:'304 'res size:'- 'req size:'- - 'res time'37.080 ms
remote-addr - - [17/Nov/2021:01:15:19 +0000] 'GET /api/v1/users/stats HTTP/1.1' 'status:'304 'res size:'- 'req size:'- - 'res time'35.704 ms
remote-addr - - [17/Nov/2021:01:15:20 +0000] 'GET /api/v1/orders/income HTTP/1.1' 'status:'304 'res size:'- 'req size:'- - 'res time'24.814 ms
remote-addr - - [17/Nov/2021:01:15:20 +0000] 'GET /api/v1/orders HTTP/1.1' 'status:'304 'res size:'- 'req size:'- - 'res time'31.807 ms
remote-addr - - [17/Nov/2021:01:15:20 +0000] 'GET /api/v1/users/?new=true HTTP/1.1' 'status:'304 'res size:'- 'req size:'- - 'res time'34.836 ms
remote-addr - - [17/Nov/2021:01:15:20 +0000] 'GET /api/v1/users/stats HTTP/1.1' 'status:'200 'res size:'63 'req size:'- - 'res time'32.843 ms
remote-addr - - [17/Nov/2021:01:15:22 +0000] 'GET /api/v1/orders/income HTTP/1.1' 'status:'304 'res size:'- 'req size:'- - 'res time'31.049 ms
remote-addr - - [17/Nov/2021:01:15:22 +0000] 'GET /api/v1/orders HTTP/1.1' 'status:'304 'res size:'- 'req size:'- - 'res time'40.931 ms
remote-addr - - [17/Nov/2021:01:15:22 +0000] 'GET /api/v1/users/?new=true HTTP/1.1' 'status:'304 'res size:'- 'req size:'- - 'res time'43.537 ms
remote-addr - - [17/Nov/2021:01:15:22 +0000] 'GET /api/v1/users/stats HTTP/1.1' 'status:'200 'res size:'63 'req size:'- - 'res time'41.622 ms
remote-addr - - [17/Nov/2021:01:15:31 +0000] 'OPTIONS /api/v1/orders/income HTTP/1.1' 'status:'204 'res size:'0 'req size:'- - 'res time'0.118 ms
remote-addr - - [17/Nov/2021:01:15:31 +0000] 'OPTIONS /api/v1/users/?new=true HTTP/1.1' 'status:'204 'res size:'0 'req size:'- - 'res time'0.094 ms
remote-addr - - [17/Nov/2021:01:15:31 +0000] 'OPTIONS /api/v1/orders HTTP/1.1' 'status:'204 'res size:'0 'req size:'- - 'res time'0.119 ms
remote-addr - - [17/Nov/2021:01:15:31 +0000] 'OPTIONS /api/v1/users/stats HTTP/1.1' 'status:'204 'res size:'0 'req size:'- - 'res time'0.094 ms
remote-addr - - [17/Nov/2021:01:15:31 +0000] 'GET /api/v1/orders/income HTTP/1.1' 'status:'304 'res size:'- 'req size:'- - 'res time'26.561 ms
remote-addr - - [17/Nov/2021:01:15:31 +0000] 'GET /api/v1/orders HTTP/1.1' 'status:'304 'res size:'- 'req size:'- - 'res time'31.568 ms
remote-addr - - [17/Nov/2021:01:15:31 +0000] 'GET /api/v1/users/?new=true HTTP/1.1' 'status:'304 'res size:'- 'req size:'- - 'res time'34.786 ms
remote-addr - - [17/Nov/2021:01:15:31 +0000] 'GET /api/v1/users/stats HTTP/1.1' 'status:'200 'res size:'63 'req size:'- - 'res time'32.265 ms
remote-addr - - [17/Nov/2021:01:15:32 +0000] 'GET /api/v1/orders/income HTTP/1.1' 'status:'304 'res size:'- 'req size:'- - 'res time'25.210 ms
remote-addr - - [17/Nov/2021:01:15:32 +0000] 'GET /api/v1/orders HTTP/1.1' 'status:'304 'res size:'- 'req size:'- - 'res time'30.548 ms
remote-addr - - [17/Nov/2021:01:15:32 +0000] 'GET /api/v1/users/stats HTTP/1.1' 'status:'304 'res size:'- 'req size:'- - 'res time'30.250 ms
remote-addr - - [17/Nov/2021:01:15:32 +0000] 'GET /api/v1/users/?new=true HTTP/1.1' 'status:'304 'res size:'- 'req size:'- - 'res time'33.784 ms
remote-addr - - [17/Nov/2021:01:15:33 +0000] 'GET /api/v1/orders HTTP/1.1' 'status:'304 'res size:'- 'req size:'- - 'res time'32.480 ms
remote-addr - - [17/Nov/2021:01:15:33 +0000] 'GET /api/v1/orders/income HTTP/1.1' 'status:'304 'res size:'- 'req size:'- - 'res time'35.161 ms
remote-addr - - [17/Nov/2021:01:15:33 +0000] 'GET /api/v1/users/?new=true HTTP/1.1' 'status:'304 'res size:'- 'req size:'- - 'res time'35.399 ms
remote-addr - - [17/Nov/2021:01:15:33 +0000] 'GET /api/v1/users/stats HTTP/1.1' 'status:'200 'res size:'63 'req size:'- - 'res time'34.026 ms
remote-addr - - [17/Nov/2021:01:15:34 +0000] 'GET /api/v1/orders/income HTTP/1.1' 'status:'304 'res size:'- 'req size:'- - 'res time'23.279 ms
remote-addr - - [17/Nov/2021:01:15:34 +0000] 'GET /api/v1/users/?new=true HTTP/1.1' 'status:'304 'res size:'- 'req size:'- - 'res time'25.271 ms
remote-addr - - [17/Nov/2021:01:15:34 +0000] 'GET /api/v1/users/stats HTTP/1.1' 'status:'200 'res size:'63 'req size:'- - 'res time'25.101 ms
remote-addr - - [17/Nov/2021:01:15:34 +0000] 'GET /api/v1/orders HTTP/1.1' 'status:'304 'res size:'- 'req size:'- - 'res time'33.102 ms
